# JRE version: OpenJDK Runtime Environment (17.0.9) (build 17.0.9+0--11185874)
# Java VM: OpenJDK 64-Bit Server VM (17.0.9+0--11185874, mixed mode, tiered, compressed oops, compressed class ptrs, g1 gc, windows-amd64)
GC Precious Log:
 CPUs: 4 total, 4 available
 Memory: 6060M
 Large Page Support: Disabled
 NUMA Support: Disabled
 Compressed Oops: Enabled (32-bit)
 Heap Region Size: 1M
 Heap Min Capacity: 8M
 Heap Initial Capacity: 96M
 Heap Max Capacity: 2G
 Pre-touch: Disabled
 Parallel Workers: 4
 Concurrent Workers: 1
 Concurrent Refinement Workers: 4
 Periodic GC: Disabled
Heap:
 garbage-first heap   total 520192K, used 154138K [0x0000000080000000, 0x0000000100000000)
  region size 1024K, 3 young (3072K), 3 survivors (3072K)
 Metaspace       used 142288K, committed 144384K, reserved 1179648K
  class space    used 19331K, committed 20352K, reserved 1048576K
GC Heap History (20 events):
Event: 2651.452 GC heap after
{Heap after GC invocations=96 (full 0):
 garbage-first heap   total 529408K, used 139590K [0x0000000080000000, 0x0000000100000000)
  region size 1024K, 3 young (3072K), 3 survivors (3072K)
 Metaspace       used 138724K, committed 140288K, reserved 1179648K
  class space    used 18878K, committed 19648K, reserved 1048576K
}
Event: 2652.471 GC heap before
{Heap before GC invocations=96 (full 0):
 garbage-first heap   total 529408K, used 162118K [0x0000000080000000, 0x0000000100000000)
  region size 1024K, 25 young (25600K), 3 survivors (3072K)
 Metaspace       used 138761K, committed 140288K, reserved 1179648K
  class space    used 18878K, committed 19648K, reserved 1048576K
}
Event: 2652.527 GC heap after
{Heap after GC invocations=97 (full 0):
 garbage-first heap   total 529408K, used 141759K [0x0000000080000000, 0x0000000100000000)
  region size 1024K, 3 young (3072K), 3 survivors (3072K)
 Metaspace       used 138761K, committed 140288K, reserved 1179648K
  class space    used 18878K, committed 19648K, reserved 1048576K
}
Event: 2667.040 GC heap before
{Heap before GC invocations=97 (full 0):
 garbage-first heap   total 529408K, used 171455K [0x0000000080000000, 0x0000000100000000)
  region size 1024K, 34 young (34816K), 3 survivors (3072K)
 Metaspace       used 139350K, committed 140928K, reserved 1179648K
  class space    used 18969K, committed 19712K, reserved 1048576K
}
Event: 2667.089 GC heap after
{Heap after GC invocations=98 (full 0):
 garbage-first heap   total 529408K, used 143363K [0x0000000080000000, 0x0000000100000000)
  region size 1024K, 5 young (5120K), 5 survivors (5120K)
 Metaspace       used 139350K, committed 140928K, reserved 1179648K
  class space    used 18969K, committed 19712K, reserved 1048576K
}
Event: 2899.155 GC heap before
{Heap before GC invocations=99 (full 0):
 garbage-first heap   total 529408K, used 295939K [0x0000000080000000, 0x0000000100000000)
  region size 1024K, 133 young (136192K), 5 survivors (5120K)
 Metaspace       used 139761K, committed 141312K, reserved 1179648K
  class space    used 18970K, committed 19712K, reserved 1048576K
}
Event: 2899.347 GC heap after
{Heap after GC invocations=100 (full 0):
 garbage-first heap   total 529408K, used 144422K [0x0000000080000000, 0x0000000100000000)
  region size 1024K, 6 young (6144K), 6 survivors (6144K)
 Metaspace       used 139761K, committed 141312K, reserved 1179648K
  class space    used 18970K, committed 19712K, reserved 1048576K
}
Event: 2900.594 GC heap before
{Heap before GC invocations=100 (full 0):
 garbage-first heap   total 529408K, used 162854K [0x0000000080000000, 0x0000000100000000)
  region size 1024K, 25 young (25600K), 6 survivors (6144K)
 Metaspace       used 139766K, committed 141312K, reserved 1179648K
  class space    used 18971K, committed 19712K, reserved 1048576K
}
Event: 2900.728 GC heap after
{Heap after GC invocations=101 (full 0):
 garbage-first heap   total 529408K, used 137517K [0x0000000080000000, 0x0000000100000000)
  region size 1024K, 3 young (3072K), 3 survivors (3072K)
 Metaspace       used 139766K, committed 141312K, reserved 1179648K
  class space    used 18971K, committed 19712K, reserved 1048576K
}
Event: 3028.219 GC heap before
{Heap before GC invocations=101 (full 0):
 garbage-first heap   total 529408K, used 349485K [0x0000000080000000, 0x0000000100000000)
  region size 1024K, 211 young (216064K), 3 survivors (3072K)
 Metaspace       used 141502K, committed 143552K, reserved 1179648K
  class space    used 19278K, committed 20288K, reserved 1048576K
}
Event: 3028.544 GC heap after
{Heap after GC invocations=102 (full 0):
 garbage-first heap   total 529408K, used 147982K [0x0000000080000000, 0x0000000100000000)
  region size 1024K, 13 young (13312K), 13 survivors (13312K)
 Metaspace       used 141502K, committed 143552K, reserved 1179648K
  class space    used 19278K, committed 20288K, reserved 1048576K
}
Event: 3029.816 GC heap before
{Heap before GC invocations=102 (full 0):
 garbage-first heap   total 529408K, used 160270K [0x0000000080000000, 0x0000000100000000)
  region size 1024K, 25 young (25600K), 13 survivors (13312K)
 Metaspace       used 141829K, committed 144000K, reserved 1179648K
  class space    used 19335K, committed 20352K, reserved 1048576K
}
Event: 3030.058 GC heap after
{Heap after GC invocations=103 (full 0):
 garbage-first heap   total 529408K, used 149828K [0x0000000080000000, 0x0000000100000000)
  region size 1024K, 2 young (2048K), 2 survivors (2048K)
 Metaspace       used 141829K, committed 144000K, reserved 1179648K
  class space    used 19335K, committed 20352K, reserved 1048576K
}
Event: 3221.774 GC heap before
{Heap before GC invocations=104 (full 0):
 garbage-first heap   total 508928K, used 247108K [0x0000000080000000, 0x0000000100000000)
  region size 1024K, 88 young (90112K), 2 survivors (2048K)
 Metaspace       used 142149K, committed 144256K, reserved 1179648K
  class space    used 19341K, committed 20352K, reserved 1048576K
}
Event: 3222.025 GC heap after
{Heap after GC invocations=105 (full 0):
 garbage-first heap   total 508928K, used 154119K [0x0000000080000000, 0x0000000100000000)
  region size 1024K, 8 young (8192K), 8 survivors (8192K)
 Metaspace       used 142149K, committed 144256K, reserved 1179648K
  class space    used 19341K, committed 20352K, reserved 1048576K
}
Event: 3222.952 GC heap before
{Heap before GC invocations=105 (full 0):
 garbage-first heap   total 508928K, used 170503K [0x0000000080000000, 0x0000000100000000)
  region size 1024K, 24 young (24576K), 8 survivors (8192K)
 Metaspace       used 142172K, committed 144256K, reserved 1179648K
  class space    used 19342K, committed 20352K, reserved 1048576K
}
Event: 3223.065 GC heap after
{Heap after GC invocations=106 (full 0):
 garbage-first heap   total 508928K, used 146030K [0x0000000080000000, 0x0000000100000000)
  region size 1024K, 3 young (3072K), 3 survivors (3072K)
 Metaspace       used 142172K, committed 144256K, reserved 1179648K
  class space    used 19342K, committed 20352K, reserved 1048576K
}
Event: 3262.307 GC heap before
{Heap before GC invocations=106 (full 0):
 garbage-first heap   total 508928K, used 236142K [0x0000000080000000, 0x0000000100000000)
  region size 1024K, 92 young (94208K), 3 survivors (3072K)
 Metaspace       used 142311K, committed 144384K, reserved 1179648K
  class space    used 19342K, committed 20352K, reserved 1048576K
}
Event: 3262.538 GC heap after
{Heap after GC invocations=107 (full 0):
 garbage-first heap   total 508928K, used 154093K [0x0000000080000000, 0x0000000100000000)
  region size 1024K, 11 young (11264K), 11 survivors (11264K)
 Metaspace       used 142311K, committed 144384K, reserved 1179648K
  class space    used 19342K, committed 20352K, reserved 1048576K
}
Event: 3267.651 GC heap before
{Heap before GC invocations=107 (full 0):
 garbage-first heap   total 508928K, used 165357K [0x0000000080000000, 0x0000000100000000)
  region size 1024K, 24 young (24576K), 11 survivors (11264K)
 Metaspace       used 142288K, committed 144384K, reserved 1179648K
  class space    used 19331K, committed 20352K, reserved 1048576K
}

